<?xml version="1.0" encoding="UTF-8"?>
<testsuite xmlns:xsi="http://www.w3.org/2001/XMLSchema-instance" xsi:noNamespaceSchemaLocation="https://maven.apache.org/surefire/maven-surefire-plugin/xsd/surefire-test-report-3.0.xsd" version="3.0" name="com.collegemanagement.CollegeManagementApplicationTests" time="6.759" tests="1" errors="0" skipped="0" failures="0">
  <properties>
[...]
</properties>
  <testcase name="contextLoads" classname="com.collegemanagement.CollegeManagementApplicationTests" time="0.657">
    <system-out><![CDATA[11:46:33.531 [main] INFO org.springframework.test.context.support.AnnotationConfigContextLoaderUtils -- Could not detect default configuration classes for test class [com.collegemanagement.CollegeManagementApplicationTests]: CollegeManagementApplicationTests does not declare any static, non-private, non-final, nested classes annotated with @Configuration.
11:46:33.661 [main] INFO org.springframework.boot.test.context.SpringBootTestContextBootstrapper -- Found @SpringBootConfiguration com.collegemanagement.CollegeManagementApplication for test class com.collegemanagement.CollegeManagementApplicationTests

  .   ____          _            __ _ _
 /\\ / ___'_ __ _ _(_)_ __  __ _ \ \ \ \
( ( )\___ | '_ | '_| | '_ \/ _` | \ \ \ \
 \\/  ___)| |_)| | | | | || (_| |  ) ) ) )
  '  |____| .__|_| |_|_| |_\__, | / / / /
 =========|_|==============|___/=/_/_/_/
 :: Spring Boot ::                (v3.2.5)

2026-08-17T11:46:34.193+05:30  INFO 24928 --- [college-management] [           main] c.c.CollegeManagementApplicationTests    : Starting CollegeManagementApplicationTests using Java 17.0.18 with PID 24928 (started by HP PC in D:\College-management)
2026-08-17T11:46:34.196+05:30  INFO 24928 --- [college-management] [           main] c.c.CollegeManagementApplicationTests    : No active profile set, falling back to 1 default profile: "default"
2026-08-17T11:46:35.177+05:30  INFO 24928 --- [college-management] [           main] .s.d.r.c.RepositoryConfigurationDelegate : Bootstrapping Spring Data JPA repositories in DEFAULT mode.
2026-08-17T11:46:35.259+05:30  INFO 24928 --- [college-management] [           main] .s.d.r.c.RepositoryConfigurationDelegate : Finished Spring Data repository scanning in 70 ms. Found 2 JPA repository interfaces.
2026-08-17T11:46:35.903+05:30  INFO 24928 --- [college-management] [           main] o.hibernate.jpa.internal.util.LogHelper  : HHH000204: Processing PersistenceUnitInfo [name: default]
2026-08-17T11:46:36.015+05:30  INFO 24928 --- [college-management] [           main] org.hibernate.Version                    : HHH000412: Hibernate ORM core version 6.4.4.Final
2026-08-17T11:46:36.062+05:30  INFO 24928 --- [college-management] [           main] o.h.c.internal.RegionFactoryInitiator    : HHH000026: Second-level cache disabled
2026-08-17T11:46:36.470+05:30  INFO 24928 --- [college-management] [           main] o.s.o.j.p.SpringPersistenceUnitInfo      : No LoadTimeWeaver setup: ignoring JPA class transformer
2026-08-17T11:46:36.521+05:30  INFO 24928 --- [college-management] [           main] com.zaxxer.hikari.HikariDataSource       : HikariPool-1 - Starting...
2026-08-17T11:46:36.761+05:30  INFO 24928 --- [college-management] [           main] com.zaxxer.hikari.pool.HikariPool        : HikariPool-1 - Added connection conn0: url=jdbc:h2:mem:college_db user=SA
2026-08-17T11:46:36.762+05:30  INFO 24928 --- [college-management] [           main] com.zaxxer.hikari.HikariDataSource       : HikariPool-1 - Start completed.
2026-08-17T11:46:36.807+05:30  WARN 24928 --- [college-management] [           main] org.hibernate.orm.deprecation            : HHH90000025: H2Dialect does not need to be specified explicitly using 'hibernate.dialect' (remove the property setting and it will be selected by default)
2026-08-17T11:46:38.057+05:30  INFO 24928 --- [college-management] [           main] o.h.e.t.j.p.i.JtaPlatformInitiator       : HHH000489: No JTA platform available (set 'hibernate.transaction.jta.platform' to enable JTA platform integration)
Hibernate: 
    create table faculties (
        id bigint generated by default as identity,
        department varchar(255) not null,
        designation varchar(255) not null,
        email varchar(255) not null,
        name varchar(255) not null,
        salary float(53),
        primary key (id)
    )
Hibernate: 
    create table students (
        id bigint generated by default as identity,
        cgpa float(53),
        department varchar(255) not null,
        email varchar(255) not null,
        name varchar(255) not null,
        roll_number varchar(255) not null,
        primary key (id)
    )
Hibernate: 
    alter table if exists faculties 
       drop constraint if exists UK_okvwiun995a8pss0idh99s7yq
Hibernate: 
    alter table if exists faculties 
       add constraint UK_okvwiun995a8pss0idh99s7yq unique (email)
Hibernate: 
    alter table if exists students 
       drop constraint if exists UK_e2rndfrsx22acpq2ty1caeuyw
Hibernate: 
    alter table if exists students 
       add constraint UK_e2rndfrsx22acpq2ty1caeuyw unique (email)
Hibernate: 
    alter table if exists students 
       drop constraint if exists UK_kmd86jf46110c60b412tjt2bg
Hibernate: 
    alter table if exists students 
       add constraint UK_kmd86jf46110c60b412tjt2bg unique (roll_number)
2026-08-17T11:46:38.142+05:30  INFO 24928 --- [college-management] [           main] j.LocalContainerEntityManagerFactoryBean : Initialized JPA EntityManagerFactory for persistence unit 'default'
2026-08-17T11:46:38.683+05:30  WARN 24928 --- [college-management] [           main] JpaBaseConfiguration$JpaWebConfiguration : spring.jpa.open-in-view is enabled by default. Therefore, database queries may be performed during view rendering. Explicitly configure spring.jpa.open-in-view to disable this warning
2026-08-17T11:46:39.267+05:30  INFO 24928 --- [college-management] [           main] o.s.b.a.h2.H2ConsoleAutoConfiguration    : H2 console available at '/h2-console'. Database available at 'jdbc:h2:mem:college_db'
2026-08-17T11:46:39.396+05:30  INFO 24928 --- [college-management] [           main] c.c.CollegeManagementApplicationTests    : Started CollegeManagementApplicationTests in 5.527 seconds (process running for 6.725)
]]></system-out>
  </testcase>
</testsuite>