<?xml version="1.0" encoding="UTF-8"?>
<testsuite xmlns:xsi="http://www.w3.org/2001/XMLSchema-instance" xsi:noNamespaceSchemaLocation="https://maven.apache.org/surefire/maven-surefire-plugin/xsd/surefire-test-report-3.0.xsd" version="3.0" name="com.collegemanagement.controller.StudentControllerTest" time="0.068" tests="1" errors="0" skipped="0" failures="0">
  <properties>
[...]
</properties>
  <testcase name="testCreateAndGetStudent" classname="com.collegemanagement.controller.StudentControllerTest" time="0.055">
    <system-out><![CDATA[2026-08-17T11:46:41.647+05:30  INFO 24928 --- [college-management] [           main] t.c.s.AnnotationConfigContextLoaderUtils : Could not detect default configuration classes for test class [com.collegemanagement.controller.StudentControllerTest]: StudentControllerTest does not declare any static, non-private, non-final, nested classes annotated with @Configuration.
2026-08-17T11:46:41.651+05:30  INFO 24928 --- [college-management] [           main] .b.t.c.SpringBootTestContextBootstrapper : Found @SpringBootConfiguration com.collegemanagement.CollegeManagementApplication for test class com.collegemanagement.controller.StudentControllerTest
Hibernate: 
    insert 
    into
        students
        (cgpa, department, email, name, roll_number, id) 
    values
        (?, ?, ?, ?, ?, default)
Hibernate: 
    select
        s1_0.id,
        s1_0.cgpa,
        s1_0.department,
        s1_0.email,
        s1_0.name,
        s1_0.roll_number 
    from
        students s1_0 
    where
        s1_0.id=?
Hibernate: 
    select
        s1_0.id,
        s1_0.cgpa,
        s1_0.department,
        s1_0.email,
        s1_0.name,
        s1_0.roll_number 
    from
        students s1_0
Hibernate: 
    select
        s1_0.id,
        s1_0.cgpa,
        s1_0.department,
        s1_0.email,
        s1_0.name,
        s1_0.roll_number 
    from
        students s1_0 
    where
        s1_0.id=?
Hibernate: 
    update
        students 
    set
        cgpa=?,
        department=?,
        email=?,
        name=?,
        roll_number=? 
    where
        id=?
Hibernate: 
    select
        count(*) 
    from
        students s1_0 
    where
        s1_0.id=?
Hibernate: 
    select
        s1_0.id,
        s1_0.cgpa,
        s1_0.department,
        s1_0.email,
        s1_0.name,
        s1_0.roll_number 
    from
        students s1_0 
    where
        s1_0.id=?
Hibernate: 
    delete 
    from
        students 
    where
        id=?
Hibernate: 
    select
        s1_0.id,
        s1_0.cgpa,
        s1_0.department,
        s1_0.email,
        s1_0.name,
        s1_0.roll_number 
    from
        students s1_0 
    where
        s1_0.id=?
]]></system-out>
  </testcase>
</testsuite>